<?xml version="1.0" encoding="UTF-8"?>
<!-- Generated by org.testng.reporters.JUnitXMLReporter -->
<testsuite ignored="0" hostname="DESKTOP-RIM4UTU" failures="0" tests="4" name="Test" time="36.537" errors="0" timestamp="2020-11-18T13:45:00 MEZ">
  <testcase classname="Academy.E2EProject.Homepage" name="basePageNavigation" time="10.561"/>
  <testcase classname="Academy.E2EProject.Homepage" name="basePageNavigation" time="10.115"/>
  <testcase classname="Academy.E2EProject.ValidateTitle" name="pageValidation" time="0.043"/>
  <testcase classname="Academy.E2EProject.ValidateNavBar" name="navbarValidation" time="0.101"/>
</testsuite> <!-- Test -->
