<?xml version="1.0" encoding="UTF-8"?>
<!-- Generated by org.testng.reporters.JUnitXMLReporter -->
<testsuite ignored="0" hostname="DESKTOP-RIM4UTU" failures="1" tests="1" name="Validating Title" time="8.748" errors="0" timestamp="2020-11-19T11:07:52 MEZ">
  <testcase classname="Academy.E2EProject.ValidateTitle" name="pageValidation" time="0.041">
    <failure type="org.junit.ComparisonFailure" message="expected:&amp;lt;FEATURED COURSES[]&amp;gt; but was:&amp;lt;FEATURED COURSES[123]&amp;gt;">
      <![CDATA[org.junit.ComparisonFailure: expected:<FEATURED COURSES[]> but was:<FEATURED COURSES[123]>
at org.junit.Assert.assertEquals(Assert.java:115)
at org.junit.Assert.assertEquals(Assert.java:144)
at Academy.E2EProject.ValidateTitle.pageValidation(ValidateTitle.java:35)
at java.base/java.util.ArrayList.forEach(ArrayList.java:1511)
... Removed 27 stack frames]]>
    </failure>
  </testcase> <!-- pageValidation -->
</testsuite> <!-- Validating Title -->
