<?xml version="1.0" encoding="UTF-8"?>
<testng-results ignored="0" total="1" passed="1" failed="0" skipped="0">
  <reporter-output>
  </reporter-output>
  <suite started-at="2022-02-01T15:39:40 MEZ" name="Default suite" finished-at="2022-02-01T15:40:06 MEZ" duration-ms="25836">
    <groups>
    </groups>
    <test started-at="2022-02-01T15:39:40 MEZ" name="Default test" finished-at="2022-02-01T15:40:06 MEZ" duration-ms="25836">
      <class name="zeissHunting.WebPortal.LoginWebPortal">
        <test-method is-config="true" signature="initialize()[pri:0, instance:zeissHunting.WebPortal.LoginWebPortal@6bca7e0d]" started-at="2022-02-01T15:39:40 MEZ" name="initialize" finished-at="2022-02-01T15:39:48 MEZ" duration-ms="8475" status="PASS">
          <reporter-output>
          </reporter-output>
        </test-method> <!-- initialize -->
        <test-method signature="loginHuntingPortal(java.lang.String, java.lang.String)[pri:0, instance:zeissHunting.WebPortal.LoginWebPortal@6bca7e0d]" started-at="2022-02-01T15:39:49 MEZ" name="loginHuntingPortal" data-provider="getData" finished-at="2022-02-01T15:40:06 MEZ" duration-ms="17067" status="PASS">
          <params>
            <param index="0">
              <value>
                <![CDATA[tamal.datta.innogy@gmail.com]]>
              </value>
            </param>
            <param index="1">
              <value>
                <![CDATA[2Sitterspace]]>
              </value>
            </param>
          </params>
          <reporter-output>
          </reporter-output>
        </test-method> <!-- loginHuntingPortal -->
        <test-method is-config="true" signature="tearDown()[pri:0, instance:zeissHunting.WebPortal.LoginWebPortal@6bca7e0d]" started-at="2022-02-01T15:40:06 MEZ" name="tearDown" finished-at="2022-02-01T15:40:06 MEZ" duration-ms="175" status="PASS">
          <reporter-output>
          </reporter-output>
        </test-method> <!-- tearDown -->
      </class> <!-- zeissHunting.WebPortal.LoginWebPortal -->
    </test> <!-- Default test -->
  </suite> <!-- Default suite -->
</testng-results>
